Unmatched beginning of page range, page 9, index term `running+\TeX'!
Unmatched end of page range, page 9, index term `running+\TeX'!
Unmatched beginning of page range, page 10, index term `commands'!
Unmatched beginning of page range, page 10, index term `control+sequences'!
Unmatched end of page range, page 11, index term `versus+commands'!
Unmatched end of page range, page 11, index term `commands'!
Unmatched beginning of page range, page 12, index term `spaces'!
Unmatched end of page range, page 13, index term `spaces'!
Unmatched beginning of page range, page 13, index term `comments'!
Unmatched end of page range, page 13, index term `comments'!
Unmatched beginning of page range, page 15, index term `groups'!
Unmatched end of page range, page 16, index term `groups'!
Unmatched beginning of page range, page 16, index term `math'!
Unmatched end of page range, page 16, index term `math'!
Unmatched beginning of page range, page 43, index term `活動字符+(active+characters)'!
Unmatched end of page range, page 43, index term `活動字符+(active+characters)'!
Unmatched beginning of page range, page 43, index term `排列+(alignments)'!
Unmatched beginning of page range, page 43, index term `tables'!
Unmatched beginning of page range, page 44, index term `settabs'!
Unmatched beginning of page range, page 44, index term `+'!
Unmatched beginning of page range, page 44, index term `cr'!
Unmatched end of page range, page 44, index term `settabs'!
Unmatched end of page range, page 44, index term `+'!
Unmatched beginning of page range, page 44, index term `halign'!
Unmatched end of page range, page 45, index term `halign'!
Unmatched end of page range, page 46, index term `cr'!
Unmatched end of page range, page 46, index term `tables'!
Unmatched end of page range, page 46, index term `排列+(alignments)'!
Unmatched beginning of page range, page 46, index term `\anatomy'!
Unmatched end of page range, page 47, index term `\anatomy'!
Unmatched beginning of page range, page 48, index term `arguments'!
Unmatched end of page range, page 49, index term `arguments'!
Unmatched beginning of page range, page 49, index term `ASCII'!
Unmatched end of page range, page 49, index term `ASCII'!
Unmatched beginning of page range, page 49, index term `assignments'!
Unmatched end of page range, page 50, index term `assignments'!
Unmatched beginning of page range, page 50, index term `badness'!
Unmatched end of page range, page 50, index term `badness'!
Unmatched beginning of page range, page 51, index term `baselines'!
Unmatched end of page range, page 51, index term `baselines'!
Unmatched beginning of page range, page 51, index term `boxes'!
Unmatched beginning of page range, page 51, index term `reference+point'!
Unmatched beginning of page range, page 52, index term `vbox'!
Unmatched beginning of page range, page 52, index term `vtop'!
Unmatched end of page range, page 52, index term `vbox'!
Unmatched end of page range, page 52, index term `vtop'!
Unmatched end of page range, page 52, index term `reference+point'!
Unmatched end of page range, page 53, index term `boxes'!
Unmatched beginning of page range, page 53, index term `category+codes'!
Unmatched end of page range, page 55, index term `category+codes'!
Unmatched beginning of page range, page 55, index term `characters'!
Unmatched end of page range, page 56, index term `characters'!
Unmatched beginning of page range, page 56, index term `class'!
Unmatched end of page range, page 56, index term `class'!
Unmatched beginning of page range, page 56, index term `commands'!
Unmatched end of page range, page 56, index term `commands'!
Unmatched beginning of page range, page 57, index term `conditional+tests'!
Unmatched end of page range, page 57, index term `conditional+tests'!
Unmatched beginning of page range, page 57, index term `control+sequences'!
Unmatched end of page range, page 57, index term `control+sequences'!
Unmatched beginning of page range, page 58, index term `control+symbols'!
Unmatched end of page range, page 58, index term `control+symbols'!
Unmatched beginning of page range, page 58, index term `control+words'!
Unmatched end of page range, page 58, index term `control+words'!
Unmatched beginning of page range, page 58, index term `delimiters'!
Unmatched beginning of page range, page 59, index term `delimiter+codes'!
Unmatched end of page range, page 60, index term `delimiter+codes'!
Unmatched end of page range, page 60, index term `delimiters'!
Unmatched beginning of page range, page 60, index term `demerits'!
Unmatched end of page range, page 60, index term `demerits'!
Unmatched beginning of page range, page 60, index term `depth'!
Unmatched end of page range, page 60, index term `depth'!
Unmatched beginning of page range, page 60, index term `dimensions'!
Unmatched end of page range, page 61, index term `dimensions'!
Unmatched beginning of page range, page 61, index term `display+math'!
Unmatched end of page range, page 61, index term `display+math'!
Unmatched beginning of page range, page 61, index term `escape+character'!
Unmatched end of page range, page 61, index term `escape+character'!
Unmatched beginning of page range, page 62, index term `family'!
Unmatched end of page range, page 62, index term `family'!
Unmatched beginning of page range, page 62, index term `files'!
Unmatched end of page range, page 63, index term `files'!
Unmatched beginning of page range, page 63, index term `file+names'!
Unmatched end of page range, page 63, index term `file+names'!
Unmatched beginning of page range, page 64, index term `fonts'!
Unmatched end of page range, page 65, index term `fonts'!
Unmatched beginning of page range, page 65, index term `footers'!
Unmatched end of page range, page 65, index term `footers'!
Unmatched beginning of page range, page 65, index term `format+file'!
Unmatched end of page range, page 65, index term `format+file'!
Unmatched beginning of page range, page 65, index term `global'!
Unmatched end of page range, page 66, index term `global'!
Unmatched beginning of page range, page 66, index term `glue'!
Unmatched beginning of page range, page 66, index term `stretch'!
Unmatched beginning of page range, page 66, index term `shrink'!
Unmatched end of page range, page 68, index term `stretch'!
Unmatched end of page range, page 68, index term `shrink'!
Unmatched end of page range, page 68, index term `glue'!
Unmatched beginning of page range, page 68, index term `groups'!
Unmatched end of page range, page 69, index term `groups'!
Unmatched beginning of page range, page 69, index term `hboxes'!
Unmatched end of page range, page 69, index term `hboxes'!
Unmatched beginning of page range, page 69, index term `headers'!
Unmatched end of page range, page 69, index term `headers'!
Unmatched beginning of page range, page 69, index term `height'!
Unmatched end of page range, page 69, index term `height'!
Unmatched beginning of page range, page 69, index term `horizontal+mode'!
Unmatched end of page range, page 70, index term `horizontal+mode'!
Unmatched beginning of page range, page 70, index term `hyphenation'!
Unmatched end of page range, page 70, index term `hyphenation'!
Unmatched beginning of page range, page 70, index term `insertions'!
Unmatched end of page range, page 70, index term `insertions'!
Unmatched beginning of page range, page 70, index term `interline+glue'!
Unmatched end of page range, page 70, index term `interline+glue'!
Unmatched beginning of page range, page 71, index term `justification'!
Unmatched end of page range, page 71, index term `justification'!
Unmatched beginning of page range, page 71, index term `kerns'!
Unmatched end of page range, page 72, index term `kerns'!
Unmatched beginning of page range, page 72, index term `leaders'!
Unmatched beginning of page range, page 72, index term `leaders'!
Unmatched beginning of page range, page 72, index term `cleaders'!
Unmatched beginning of page range, page 72, index term `xleaders'!
Unmatched end of page range, page 73, index term `leaders'!
Unmatched end of page range, page 73, index term `cleaders'!
Unmatched end of page range, page 73, index term `xleaders'!
Unmatched end of page range, page 73, index term `leaders'!
Unmatched beginning of page range, page 73, index term `ligatures'!
Unmatched end of page range, page 74, index term `ligatures'!
Unmatched beginning of page range, page 74, index term `line+breaks'!
Unmatched end of page range, page 75, index term `line+breaks'!
Unmatched beginning of page range, page 75, index term `macros'!
Unmatched beginning of page range, page 75, index term `parameters+of'!
Unmatched end of page range, page 77, index term `parameters+of'!
Unmatched end of page range, page 78, index term `parameters+of'!
Unmatched beginning of page range, page 78, index term `magnification'!
Unmatched end of page range, page 78, index term `magnification'!
Unmatched beginning of page range, page 79, index term `margins'!
Unmatched end of page range, page 79, index term `margins'!
Unmatched beginning of page range, page 79, index term `marks'!
Unmatched end of page range, page 80, index term `marks'!
Unmatched beginning of page range, page 80, index term `math+mode'!
Unmatched end of page range, page 80, index term `math+mode'!
Unmatched beginning of page range, page 80, index term `mathcodes'!
Unmatched end of page range, page 81, index term `mathcodes'!
Unmatched beginning of page range, page 81, index term `modes'!
Unmatched end of page range, page 82, index term `modes'!
Unmatched beginning of page range, page 82, index term `muglue'!
Unmatched end of page range, page 82, index term `muglue'!
Unmatched beginning of page range, page 82, index term `numbers'!
Unmatched end of page range, page 83, index term `numbers'!
Unmatched beginning of page range, page 83, index term `outer'!
Unmatched beginning of page range, page 83, index term `outer'!
Unmatched end of page range, page 83, index term `outer'!
Unmatched end of page range, page 83, index term `outer'!
Unmatched beginning of page range, page 83, index term `output+routine'!
Unmatched end of page range, page 84, index term `output+routine'!
Unmatched beginning of page range, page 84, index term `pages'!
Unmatched end of page range, page 85, index term `pages'!
Unmatched beginning of page range, page 85, index term `page+breaks'!
Unmatched end of page range, page 86, index term `page+breaks'!
Unmatched beginning of page range, page 86, index term `page+layout'!
Unmatched beginning of page range, page 86, index term `margins'!
Unmatched beginning of page range, page 86, index term `headers'!
Unmatched beginning of page range, page 86, index term `footers'!
Unmatched end of page range, page 86, index term `margins'!
Unmatched end of page range, page 86, index term `headers'!
Unmatched end of page range, page 86, index term `footers'!
Unmatched end of page range, page 86, index term `page+layout'!
Unmatched beginning of page range, page 86, index term `paragraphs'!
Unmatched end of page range, page 87, index term `paragraphs'!
Unmatched beginning of page range, page 87, index term `parameters'!
Unmatched end of page range, page 88, index term `parameters'!
Unmatched beginning of page range, page 88, index term `penalties'!
Unmatched end of page range, page 88, index term `penalties'!
Unmatched beginning of page range, page 88, index term `reference+point'!
Unmatched end of page range, page 88, index term `reference+point'!
Unmatched beginning of page range, page 89, index term `registers'!
Unmatched end of page range, page 90, index term `registers'!
Unmatched beginning of page range, page 90, index term `rules'!
Unmatched beginning of page range, page 90, index term `horizontal+rules'!
Unmatched beginning of page range, page 90, index term `vertical+rules'!
Unmatched beginning of page range, page 90, index term `hrule'!
Unmatched beginning of page range, page 90, index term `vrule'!
Unmatched end of page range, page 91, index term `horizontal+rules'!
Unmatched end of page range, page 91, index term `vertical+rules'!
Unmatched end of page range, page 91, index term `hrule'!
Unmatched end of page range, page 91, index term `vrule'!
Unmatched end of page range, page 91, index term `rules'!
Unmatched beginning of page range, page 91, index term `script+size'!
Unmatched end of page range, page 91, index term `script+size'!
Unmatched beginning of page range, page 91, index term `scriptscript+size'!
Unmatched end of page range, page 91, index term `scriptscript+size'!
Unmatched beginning of page range, page 91, index term `space'!
Unmatched end of page range, page 92, index term `space'!
Unmatched beginning of page range, page 92, index term `struts'!
Unmatched end of page range, page 92, index term `struts'!
Unmatched beginning of page range, page 92, index term `styles'!
Unmatched end of page range, page 93, index term `styles'!
Unmatched beginning of page range, page 93, index term `\TeXMeX'!
Unmatched end of page range, page 93, index term `\TeXMeX'!
Unmatched beginning of page range, page 93, index term `text+math'!
Unmatched end of page range, page 93, index term `text+math'!
Unmatched beginning of page range, page 93, index term `text+size'!
Unmatched end of page range, page 93, index term `text+size'!
Unmatched beginning of page range, page 94, index term `vboxes'!
Unmatched end of page range, page 94, index term `vboxes'!
Unmatched beginning of page range, page 94, index term `vertical+mode'!
Unmatched end of page range, page 94, index term `vertical+mode'!
Unmatched beginning of page range, page 94, index term `whatsit'!
Unmatched end of page range, page 95, index term `whatsit'!
Unmatched beginning of page range, page 95, index term `width'!
Unmatched end of page range, page 95, index term `width'!
Unmatched beginning of page range, page 97, index term `ligatures'!
Unmatched end of page range, page 98, index term `ligatures'!
Unmatched beginning of page range, page 99, index term `characters'!
Unmatched end of page range, page 99, index term `characters'!
Unmatched beginning of page range, page 101, index term `ligatures'!
Unmatched end of page range, page 101, index term `ligatures'!
Unmatched beginning of page range, page 103, index term `case+conversion'!
Unmatched beginning of page range, page 103, index term `conversion+to'!
Unmatched beginning of page range, page 103, index term `conversion+to'!
Unmatched end of page range, page 104, index term `case+conversion'!
Unmatched end of page range, page 104, index term `conversion+to'!
Unmatched end of page range, page 104, index term `conversion+to'!
Unmatched beginning of page range, page 104, index term `interword'!
Unmatched end of page range, page 108, index term `interword'!
Unmatched beginning of page range, page 108, index term `centering'!
Unmatched beginning of page range, page 108, index term `flush+left'!
Unmatched beginning of page range, page 108, index term `flush+right'!
Unmatched beginning of page range, page 108, index term `justification'!
Unmatched end of page range, page 109, index term `centering'!
Unmatched end of page range, page 109, index term `flush+left'!
Unmatched end of page range, page 109, index term `flush+right'!
Unmatched end of page range, page 109, index term `justification'!
Unmatched beginning of page range, page 110, index term `shaping'!
Unmatched beginning of page range, page 111, index term `indentation'!
Unmatched beginning of page range, page 114, index term `and+paragraph+shape'!
Unmatched end of page range, page 119, index term `indentation'!
Unmatched end of page range, page 120, index term `and+paragraph+shape'!
Unmatched end of page range, page 120, index term `shaping'!
Unmatched beginning of page range, page 120, index term `line+breaks'!
Unmatched beginning of page range, page 120, index term `encouraging+or+discouraging'!
Unmatched end of page range, page 122, index term `encouraging+or+discouraging'!
Unmatched beginning of page range, page 123, index term `parameters+affecting'!
Unmatched beginning of page range, page 125, index term `penalties+for'!
Unmatched end of page range, page 126, index term `penalties+for'!
Unmatched end of page range, page 126, index term `parameters+affecting'!
Unmatched beginning of page range, page 126, index term `hyphenation'!
Unmatched beginning of page range, page 129, index term `hyphenation+characters+for'!
Unmatched end of page range, page 129, index term `hyphenation+characters+for'!
Unmatched end of page range, page 129, index term `hyphenation'!
Unmatched end of page range, page 129, index term `line+breaks'!
Unmatched beginning of page range, page 133, index term `interline+glue'!
Unmatched beginning of page range, page 133, index term `baselineskip'!
Unmatched beginning of page range, page 133, index term `lineskip'!
Unmatched beginning of page range, page 133, index term `lineskiplimit'!
Unmatched end of page range, page 134, index term `interline+glue'!
Unmatched end of page range, page 134, index term `baselineskip'!
Unmatched end of page range, page 134, index term `lineskip'!
Unmatched end of page range, page 134, index term `lineskiplimit'!
Unmatched beginning of page range, page 136, index term `page+breaks'!
Unmatched beginning of page range, page 136, index term `encouraging+or+discouraging'!
Unmatched end of page range, page 138, index term `encouraging+or+discouraging'!
Unmatched beginning of page range, page 138, index term `parameters+for'!
Unmatched beginning of page range, page 139, index term `penalties+for'!
Unmatched beginning of page range, page 139, index term `floating+material'!
Unmatched end of page range, page 139, index term `penalties+for'!
Unmatched end of page range, page 139, index term `floating+material'!
Unmatched end of page range, page 140, index term `parameters+for'!
Unmatched beginning of page range, page 140, index term `page+dimensions'!
Unmatched end of page range, page 140, index term `page+dimensions'!
Unmatched beginning of page range, page 142, index term `page+numbering'!
Unmatched end of page range, page 143, index term `page+numbering'!
Unmatched beginning of page range, page 144, index term `marks'!
Unmatched end of page range, page 145, index term `marks'!
Unmatched beginning of page range, page 146, index term `commands+for'!
Unmatched end of page range, page 148, index term `commands+for'!
Unmatched beginning of page range, page 148, index term `output+routine'!
Unmatched end of page range, page 149, index term `output+routine'!
Unmatched beginning of page range, page 153, index term `producing'!
Unmatched beginning of page range, page 153, index term `horizontal+space'!
Unmatched end of page range, page 154, index term `horizontal+space'!
Unmatched beginning of page range, page 154, index term `vertical+space'!
Unmatched end of page range, page 155, index term `vertical+space'!
Unmatched beginning of page range, page 155, index term `horizontal+space'!
Unmatched beginning of page range, page 155, index term `vertical+space'!
Unmatched end of page range, page 159, index term `producing'!
Unmatched end of page range, page 159, index term `horizontal+space'!
Unmatched end of page range, page 159, index term `vertical+space'!
Unmatched beginning of page range, page 160, index term `box+commands'!
Unmatched beginning of page range, page 164, index term `box+registers'!
Unmatched end of page range, page 166, index term `box+registers'!
Unmatched beginning of page range, page 166, index term `shifting'!
Unmatched end of page range, page 167, index term `shifting'!
Unmatched beginning of page range, page 167, index term `box+registers'!
Unmatched beginning of page range, page 167, index term `of+box+registers'!
Unmatched end of page range, page 167, index term `box+registers'!
Unmatched end of page range, page 167, index term `of+box+registers'!
Unmatched beginning of page range, page 167, index term `struts'!
Unmatched end of page range, page 168, index term `struts'!
Unmatched beginning of page range, page 168, index term `phantom'!
Unmatched beginning of page range, page 168, index term `phantoms'!
Unmatched end of page range, page 169, index term `phantom'!
Unmatched end of page range, page 169, index term `phantoms'!
Unmatched beginning of page range, page 170, index term `overfull'!
Unmatched beginning of page range, page 170, index term `underfull'!
Unmatched end of page range, page 171, index term `overfull'!
Unmatched end of page range, page 171, index term `underfull'!
Unmatched end of page range, page 171, index term `box+commands'!
Unmatched beginning of page range, page 172, index term `rules'!
Unmatched beginning of page range, page 172, index term `horizontal+rules'!
Unmatched beginning of page range, page 172, index term `vertical+rules'!
Unmatched end of page range, page 173, index term `rules'!
Unmatched end of page range, page 173, index term `horizontal+rules'!
Unmatched end of page range, page 173, index term `vertical+rules'!
Unmatched beginning of page range, page 174, index term `leaders'!
Unmatched end of page range, page 176, index term `leaders'!
Unmatched beginning of page range, page 176, index term `tabbing+alignments'!
Unmatched beginning of page range, page 176, index term `commands+for'!
Unmatched end of page range, page 177, index term `tabbing+alignments'!
Unmatched beginning of page range, page 178, index term `template'!
Unmatched beginning of page range, page 178, index term `entry+(column+or+row)'!
Unmatched beginning of page range, page 179, index term `template'!
Unmatched end of page range, page 179, index term `entry+(column+or+row)'!
Unmatched end of page range, page 182, index term `template'!
Unmatched end of page range, page 185, index term `commands+for'!
Unmatched beginning of page range, page 187, index term `math'!
Unmatched beginning of page range, page 187, index term `Greek+letters'!
Unmatched end of page range, page 188, index term `Greek+letters'!
Unmatched beginning of page range, page 189, index term `operations'!
Unmatched end of page range, page 190, index term `operations'!
Unmatched beginning of page range, page 190, index term `relations'!
Unmatched end of page range, page 191, index term `relations'!
Unmatched beginning of page range, page 191, index term `delimiters'!
Unmatched end of page range, page 192, index term `delimiters'!
Unmatched beginning of page range, page 192, index term `arrows'!
Unmatched end of page range, page 193, index term `arrows'!
Unmatched beginning of page range, page 193, index term `functions,+names+of'!
Unmatched end of page range, page 194, index term `functions,+names+of'!
Unmatched beginning of page range, page 194, index term `large'!
Unmatched end of page range, page 196, index term `large'!
Unmatched beginning of page range, page 196, index term `punctuation+in+math+formulas'!
Unmatched end of page range, page 196, index term `punctuation+in+math+formulas'!
Unmatched beginning of page range, page 197, index term `superscripts'!
Unmatched beginning of page range, page 197, index term `subscripts'!
Unmatched end of page range, page 197, index term `superscripts'!
Unmatched end of page range, page 197, index term `subscripts'!
Unmatched beginning of page range, page 198, index term `styles'!
Unmatched end of page range, page 199, index term `styles'!
Unmatched beginning of page range, page 200, index term `fractions'!
Unmatched beginning of page range, page 200, index term `stacking+subformulas'!
Unmatched end of page range, page 202, index term `fractions'!
Unmatched end of page range, page 202, index term `stacking+subformulas'!
Unmatched beginning of page range, page 203, index term `dots'!
Unmatched end of page range, page 203, index term `dots'!
Unmatched beginning of page range, page 204, index term `delimiters'!
Unmatched end of page range, page 205, index term `height+of'!
Unmatched beginning of page range, page 208, index term `multiline'!
Unmatched end of page range, page 209, index term `multiline'!
Unmatched beginning of page range, page 212, index term `aligning'!
Unmatched end of page range, page 213, index term `aligning'!
Unmatched beginning of page range, page 214, index term `in+math+formulas'!
Unmatched end of page range, page 216, index term `in+math+formulas'!
Unmatched beginning of page range, page 216, index term `spacing+parameters+for'!
Unmatched end of page range, page 217, index term `spacing+parameters+for'!
Unmatched end of page range, page 219, index term `math'!
Unmatched beginning of page range, page 221, index term `naming+and+modifying'!
Unmatched end of page range, page 223, index term `naming+and+modifying'!
Unmatched beginning of page range, page 224, index term `converting+to+characters'!
Unmatched end of page range, page 224, index term `converting+to+characters'!
Unmatched beginning of page range, page 224, index term `date'!
Unmatched end of page range, page 225, index term `date'!
Unmatched beginning of page range, page 227, index term `groups'!
Unmatched end of page range, page 229, index term `groups'!
Unmatched beginning of page range, page 230, index term `macros'!
Unmatched beginning of page range, page 230, index term `defining'!
Unmatched end of page range, page 232, index term `defining'!
Unmatched beginning of page range, page 233, index term `controlling+expansion+of'!
Unmatched end of page range, page 235, index term `controlling+expansion+of'!
Unmatched beginning of page range, page 235, index term `conditional+tests'!
Unmatched end of page range, page 240, index term `conditional+tests'!
Unmatched beginning of page range, page 240, index term `repeated+actions'!
Unmatched beginning of page range, page 240, index term `loops'!
Unmatched end of page range, page 241, index term `repeated+actions'!
Unmatched end of page range, page 241, index term `loops'!
Unmatched end of page range, page 241, index term `macros'!
Unmatched beginning of page range, page 242, index term `registers'!
Unmatched beginning of page range, page 244, index term `reserving'!
Unmatched end of page range, page 245, index term `reserving'!
Unmatched beginning of page range, page 245, index term `arithmetic'!
Unmatched beginning of page range, page 245, index term `arithmetic+in'!
Unmatched end of page range, page 246, index term `arithmetic'!
Unmatched end of page range, page 246, index term `arithmetic+in'!
Unmatched beginning of page range, page 247, index term `files'!
Unmatched beginning of page range, page 247, index term `input+files'!
Unmatched end of page range, page 248, index term `input+files'!
Unmatched beginning of page range, page 249, index term `output+files'!
Unmatched end of page range, page 251, index term `files'!
Unmatched end of page range, page 251, index term `output+files'!
Unmatched beginning of page range, page 252, index term `controlling+\TeX'!
Unmatched beginning of page range, page 252, index term `running+\TeX'!
Unmatched end of page range, page 253, index term `running+\TeX'!
Unmatched end of page range, page 253, index term `controlling+\TeX'!
Unmatched beginning of page range, page 253, index term `tracing'!
Unmatched beginning of page range, page 253, index term `debugging'!
Unmatched beginning of page range, page 253, index term `diagnostic+aids'!
Unmatched end of page range, page 261, index term `tracing'!
Unmatched end of page range, page 261, index term `debugging'!
Unmatched end of page range, page 261, index term `diagnostic+aids'!
Unmatched beginning of page range, page 261, index term `messages,+sending'!
Unmatched beginning of page range, page 261, index term `error+messages'!
Unmatched end of page range, page 262, index term `messages,+sending'!
Unmatched end of page range, page 262, index term `error+messages'!
Unmatched beginning of page range, page 265, index term `bad'!
Unmatched end of page range, page 268, index term `bad'!
Unmatched beginning of page range, page 268, index term `bad'!
Unmatched end of page range, page 268, index term `bad'!
Unmatched beginning of page range, page 268, index term `overfull+boxes'!
Unmatched beginning of page range, page 268, index term `underfull+boxes'!
Unmatched beginning of page range, page 268, index term `overfull'!
Unmatched beginning of page range, page 268, index term `underfull'!
Unmatched beginning of page range, page 269, index term `overfull box from'!
Unmatched beginning of page range, page 269, index term `overfull box from'!
Unmatched end of page range, page 270, index term `overfull box from'!
Unmatched end of page range, page 270, index term `overfull box from'!
Unmatched end of page range, page 270, index term `overfull'!
Unmatched end of page range, page 270, index term `underfull'!
Unmatched end of page range, page 270, index term `overfull+boxes'!
Unmatched end of page range, page 270, index term `underfull+boxes'!
Unmatched beginning of page range, page 270, index term `unwanted'!
Unmatched end of page range, page 271, index term `unwanted'!
Unmatched beginning of page range, page 272, index term `shaping'!
Unmatched end of page range, page 272, index term `shaping'!
Unmatched beginning of page range, page 273, index term `rules'!
Unmatched end of page range, page 273, index term `rules'!
Unmatched beginning of page range, page 274, index term `multiple-line'!
Unmatched beginning of page range, page 274, index term `multiple-line'!
Unmatched end of page range, page 275, index term `multiple-line'!
Unmatched end of page range, page 275, index term `multiple-line'!
Unmatched beginning of page range, page 280, index term `changing'!
Unmatched end of page range, page 280, index term `changing'!
Unmatched beginning of page range, page 281, index term `making+readable'!
Unmatched end of page range, page 281, index term `making+readable'!
Unmatched beginning of page range, page 283, index term `error+messages'!
Unmatched end of page range, page 288, index term `error+messages'!
Unmatched beginning of page range, page 291, index term `eplain.tex'!
Unmatched beginning of page range, page 298, index term `itemized+lists'!
Unmatched beginning of page range, page 298, index term `enumerations'!
Unmatched end of page range, page 300, index term `itemized+lists'!
Unmatched end of page range, page 300, index term `enumerations'!
Unmatched beginning of page range, page 306, index term `flush+left'!
Unmatched beginning of page range, page 306, index term `flush+right'!
Unmatched beginning of page range, page 306, index term `centered+text'!
Unmatched end of page range, page 307, index term `flush+left'!
Unmatched end of page range, page 307, index term `flush+right'!
Unmatched end of page range, page 307, index term `centered+text'!
Unmatched end of page range, page 311, index term `eplain.tex'!
